0 info it worked if it ends with ok
1 verbose cli [ 'C:\\Program Files\\nodejs\\node.exe',
1 verbose cli   'C:\\Program Files\\nodejs\\node_modules\\npm\\bin\\npm-cli.js',
1 verbose cli   'install',
1 verbose cli   '--save',
1 verbose cli   'node' ]
2 info using npm@3.10.10
3 info using node@v6.11.4
4 silly loadCurrentTree Starting
5 silly install loadCurrentTree
6 silly install readLocalPackageData
7 silly fetchPackageMetaData node
8 silly fetchNamedPackageData node
9 silly mapToRegistry name node
10 silly mapToRegistry using default registry
11 silly mapToRegistry registry https://registry.npmjs.org/
12 silly mapToRegistry data Result {
12 silly mapToRegistry   raw: 'node',
12 silly mapToRegistry   scope: null,
12 silly mapToRegistry   escapedName: 'node',
12 silly mapToRegistry   name: 'node',
12 silly mapToRegistry   rawSpec: '',
12 silly mapToRegistry   spec: 'latest',
12 silly mapToRegistry   type: 'tag' }
13 silly mapToRegistry uri https://registry.npmjs.org/node
14 verbose request uri https://registry.npmjs.org/node
15 verbose request no auth needed
16 info attempt registry request try #1 at 3:23:03 AM
17 verbose request id 5c711e04f3820327
18 http request GET https://registry.npmjs.org/node
19 http 200 https://registry.npmjs.org/node
20 verbose headers { 'content-type': 'application/json; charset=UTF-8',
20 verbose headers   server: 'UploadServer',
20 verbose headers   'cache-control': 'max-age=300',
20 verbose headers   'last-modified': 'Sat, 31 Mar 2018 16:39:38 GMT',
20 verbose headers   etag: '"5abfb9ca-5ae81"',
20 verbose headers   'x-npm-region': 'EU-Central',
20 verbose headers   'content-encoding': 'gzip',
20 verbose headers   'content-length': '58625',
20 verbose headers   'accept-ranges': 'bytes',
20 verbose headers   date: 'Sun, 01 Apr 2018 21:53:04 GMT',
20 verbose headers   via: '1.1 varnish',
20 verbose headers   age: '11158',
20 verbose headers   connection: 'keep-alive',
20 verbose headers   'x-served-by': 'cache-ams4125-AMS',
20 verbose headers   'x-cache': 'HIT',
20 verbose headers   'x-cache-hits': '1',
20 verbose headers   'x-timer': 'S1522619585.544281,VS0,VE1',
20 verbose headers   vary: 'Accept-Encoding, Accept' }
21 silly get cb [ 200,
21 silly get   { 'content-type': 'application/json; charset=UTF-8',
21 silly get     server: 'UploadServer',
21 silly get     'cache-control': 'max-age=300',
21 silly get     'last-modified': 'Sat, 31 Mar 2018 16:39:38 GMT',
21 silly get     etag: '"5abfb9ca-5ae81"',
21 silly get     'x-npm-region': 'EU-Central',
21 silly get     'content-encoding': 'gzip',
21 silly get     'content-length': '58625',
21 silly get     'accept-ranges': 'bytes',
21 silly get     date: 'Sun, 01 Apr 2018 21:53:04 GMT',
21 silly get     via: '1.1 varnish',
21 silly get     age: '11158',
21 silly get     connection: 'keep-alive',
21 silly get     'x-served-by': 'cache-ams4125-AMS',
21 silly get     'x-cache': 'HIT',
21 silly get     'x-cache-hits': '1',
21 silly get     'x-timer': 'S1522619585.544281,VS0,VE1',
21 silly get     vary: 'Accept-Encoding, Accept' } ]
22 verbose get saving node to C:\Users\sumee\AppData\Roaming\npm-cache\registry.npmjs.org\node\.cache.json
23 verbose correctMkdir C:\Users\sumee\AppData\Roaming\npm-cache correctMkdir not in flight; initializing
24 silly install normalizeTree
25 silly loadCurrentTree Finishing
26 silly loadIdealTree Starting
27 silly install loadIdealTree
28 silly cloneCurrentTree Starting
29 silly install cloneCurrentTreeToIdealTree
30 silly cloneCurrentTree Finishing
31 silly loadShrinkwrap Starting
32 silly install loadShrinkwrap
33 silly loadShrinkwrap Finishing
34 silly loadAllDepsIntoIdealTree Starting
35 silly install loadAllDepsIntoIdealTree
36 silly resolveWithNewModule node@9.10.1 checking installable status
37 silly cache add args [ 'node', null ]
38 verbose cache add spec node
39 silly cache add parsed spec Result {
39 silly cache add   raw: 'node',
39 silly cache add   scope: null,
39 silly cache add   escapedName: 'node',
39 silly cache add   name: 'node',
39 silly cache add   rawSpec: '',
39 silly cache add   spec: 'latest',
39 silly cache add   type: 'tag' }
40 silly addNamed node@latest
41 verbose addNamed "latest" is being treated as a dist-tag for node
42 info addNameTag [ 'node', 'latest' ]
43 silly mapToRegistry name node
44 silly mapToRegistry using default registry
45 silly mapToRegistry registry https://registry.npmjs.org/
46 silly mapToRegistry data Result {
46 silly mapToRegistry   raw: 'node',
46 silly mapToRegistry   scope: null,
46 silly mapToRegistry   escapedName: 'node',
46 silly mapToRegistry   name: 'node',
46 silly mapToRegistry   rawSpec: '',
46 silly mapToRegistry   spec: 'latest',
46 silly mapToRegistry   type: 'tag' }
47 silly mapToRegistry uri https://registry.npmjs.org/node
48 verbose addNameTag registry:https://registry.npmjs.org/node not in flight; fetching
49 verbose get https://registry.npmjs.org/node not expired, no request
50 silly addNameTag next cb for node with tag latest
51 silly addNamed node@9.10.1
52 verbose addNamed "9.10.1" is a plain semver version for node
53 silly mapToRegistry name node
54 silly mapToRegistry using default registry
55 silly mapToRegistry registry https://registry.npmjs.org/
56 silly mapToRegistry data Result {
56 silly mapToRegistry   raw: 'node',
56 silly mapToRegistry   scope: null,
56 silly mapToRegistry   escapedName: 'node',
56 silly mapToRegistry   name: 'node',
56 silly mapToRegistry   rawSpec: '',
56 silly mapToRegistry   spec: 'latest',
56 silly mapToRegistry   type: 'tag' }
57 silly mapToRegistry uri https://registry.npmjs.org/node
58 verbose addRemoteTarball https://registry.npmjs.org/node/-/node-9.10.1.tgz not in flight; adding
59 verbose addRemoteTarball [ 'https://registry.npmjs.org/node/-/node-9.10.1.tgz',
59 verbose addRemoteTarball   'd51444cce36e300a794b9936737125b67e1c34b9' ]
60 info retry fetch attempt 1 at 3:23:06 AM
61 info attempt registry request try #1 at 3:23:06 AM
62 http fetch GET https://registry.npmjs.org/node/-/node-9.10.1.tgz
63 http fetch 200 https://registry.npmjs.org/node/-/node-9.10.1.tgz
64 silly fetchAndShaCheck shasum d51444cce36e300a794b9936737125b67e1c34b9
65 verbose addTmpTarball C:\Users\sumee\AppData\Local\Temp\npm-14324-26c9bee8\registry.npmjs.org\node\-\node-9.10.1.tgz not in flight; adding
66 verbose addTmpTarball already have metadata; skipping unpack for node@9.10.1
67 verbose correctMkdir C:\Users\sumee\AppData\Roaming\npm-cache correctMkdir not in flight; initializing
68 silly cache afterAdd node@9.10.1
69 verbose afterAdd C:\Users\sumee\AppData\Roaming\npm-cache\node\9.10.1\package\package.json not in flight; writing
70 verbose correctMkdir C:\Users\sumee\AppData\Roaming\npm-cache correctMkdir not in flight; initializing
71 verbose afterAdd C:\Users\sumee\AppData\Roaming\npm-cache\node\9.10.1\package\package.json written
72 silly fetchNamedPackageData node-bin-setup
73 silly mapToRegistry name node-bin-setup
74 silly mapToRegistry using default registry
75 silly mapToRegistry registry https://registry.npmjs.org/
76 silly mapToRegistry data Result {
76 silly mapToRegistry   raw: 'node-bin-setup',
76 silly mapToRegistry   scope: null,
76 silly mapToRegistry   escapedName: 'node-bin-setup',
76 silly mapToRegistry   name: 'node-bin-setup',
76 silly mapToRegistry   rawSpec: '',
76 silly mapToRegistry   spec: 'latest',
76 silly mapToRegistry   type: 'tag' }
77 silly mapToRegistry uri https://registry.npmjs.org/node-bin-setup
78 verbose request uri https://registry.npmjs.org/node-bin-setup
79 verbose request no auth needed
80 info attempt registry request try #1 at 3:23:06 AM
81 http request GET https://registry.npmjs.org/node-bin-setup
82 http 200 https://registry.npmjs.org/node-bin-setup
83 verbose headers { 'content-type': 'application/json; charset=UTF-8',
83 verbose headers   server: 'UploadServer',
83 verbose headers   'cache-control': 'max-age=300',
83 verbose headers   'last-modified': 'Tue, 25 Jul 2017 3:32:58 GMT',
83 verbose headers   etag: '"5976bbea-1511"',
83 verbose headers   'x-npm-region': 'EU-Central',
83 verbose headers   'content-encoding': 'gzip',
83 verbose headers   'content-length': '1464',
83 verbose headers   'accept-ranges': 'bytes',
83 verbose headers   date: 'Sun, 01 Apr 2018 21:53:06 GMT',
83 verbose headers   via: '1.1 varnish',
83 verbose headers   age: '3535',
83 verbose headers   connection: 'keep-alive',
83 verbose headers   'x-served-by': 'cache-ams4125-AMS',
83 verbose headers   'x-cache': 'HIT',
83 verbose headers   'x-cache-hits': '1',
83 verbose headers   'x-timer': 'S1522619587.884302,VS0,VE1',
83 verbose headers   vary: 'Accept-Encoding, Accept' }
84 silly get cb [ 200,
84 silly get   { 'content-type': 'application/json; charset=UTF-8',
84 silly get     server: 'UploadServer',
84 silly get     'cache-control': 'max-age=300',
84 silly get     'last-modified': 'Tue, 25 Jul 2017 3:32:58 GMT',
84 silly get     etag: '"5976bbea-1511"',
84 silly get     'x-npm-region': 'EU-Central',
84 silly get     'content-encoding': 'gzip',
84 silly get     'content-length': '1464',
84 silly get     'accept-ranges': 'bytes',
84 silly get     date: 'Sun, 01 Apr 2018 21:53:06 GMT',
84 silly get     via: '1.1 varnish',
84 silly get     age: '3535',
84 silly get     connection: 'keep-alive',
84 silly get     'x-served-by': 'cache-ams4125-AMS',
84 silly get     'x-cache': 'HIT',
84 silly get     'x-cache-hits': '1',
84 silly get     'x-timer': 'S1522619587.884302,VS0,VE1',
84 silly get     vary: 'Accept-Encoding, Accept' } ]
85 verbose get saving node-bin-setup to C:\Users\sumee\AppData\Roaming\npm-cache\registry.npmjs.org\node-bin-setup\.cache.json
86 verbose correctMkdir C:\Users\sumee\AppData\Roaming\npm-cache correctMkdir not in flight; initializing
87 silly resolveWithNewModule node-bin-setup@1.0.6 checking installable status
88 silly cache add args [ 'node-bin-setup@^1.0.0', null ]
89 verbose cache add spec node-bin-setup@^1.0.0
90 silly cache add parsed spec Result {
90 silly cache add   raw: 'node-bin-setup@^1.0.0',
90 silly cache add   scope: null,
90 silly cache add   escapedName: 'node-bin-setup',
90 silly cache add   name: 'node-bin-setup',
90 silly cache add   rawSpec: '^1.0.0',
90 silly cache add   spec: '>=1.0.0 <2.0.0',
90 silly cache add   type: 'range' }
91 silly addNamed node-bin-setup@>=1.0.0 <2.0.0
92 verbose addNamed ">=1.0.0 <2.0.0" is a valid semver range for node-bin-setup
93 silly addNameRange { name: 'node-bin-setup',
93 silly addNameRange   range: '>=1.0.0 <2.0.0',
93 silly addNameRange   hasData: false }
94 silly mapToRegistry name node-bin-setup
95 silly mapToRegistry using default registry
96 silly mapToRegistry registry https://registry.npmjs.org/
97 silly mapToRegistry data Result {
97 silly mapToRegistry   raw: 'node-bin-setup',
97 silly mapToRegistry   scope: null,
97 silly mapToRegistry   escapedName: 'node-bin-setup',
97 silly mapToRegistry   name: 'node-bin-setup',
97 silly mapToRegistry   rawSpec: '',
97 silly mapToRegistry   spec: 'latest',
97 silly mapToRegistry   type: 'tag' }
98 silly mapToRegistry uri https://registry.npmjs.org/node-bin-setup
99 verbose addNameRange registry:https://registry.npmjs.org/node-bin-setup not in flight; fetching
100 verbose get https://registry.npmjs.org/node-bin-setup not expired, no request
101 silly addNameRange number 2 { name: 'node-bin-setup',
101 silly addNameRange   range: '>=1.0.0 <2.0.0',
101 silly addNameRange   hasData: true }
102 silly addNameRange versions [ 'node-bin-setup',
102 silly addNameRange   [ '1.0.0', '1.0.1', '1.0.2', '1.0.3', '1.0.4', '1.0.6' ] ]
103 silly addNamed node-bin-setup@1.0.6
104 verbose addNamed "1.0.6" is a plain semver version for node-bin-setup
105 silly mapToRegistry name node-bin-setup
106 silly mapToRegistry using default registry
107 silly mapToRegistry registry https://registry.npmjs.org/
108 silly mapToRegistry data Result {
108 silly mapToRegistry   raw: 'node-bin-setup',
108 silly mapToRegistry   scope: null,
108 silly mapToRegistry   escapedName: 'node-bin-setup',
108 silly mapToRegistry   name: 'node-bin-setup',
108 silly mapToRegistry   rawSpec: '',
108 silly mapToRegistry   spec: 'latest',
108 silly mapToRegistry   type: 'tag' }
109 silly mapToRegistry uri https://registry.npmjs.org/node-bin-setup
110 verbose addRemoteTarball https://registry.npmjs.org/node-bin-setup/-/node-bin-setup-1.0.6.tgz not in flight; adding
111 verbose addRemoteTarball [ 'https://registry.npmjs.org/node-bin-setup/-/node-bin-setup-1.0.6.tgz',
111 verbose addRemoteTarball   '4b5c9bb937ece702d7069b36ca78af4684677528' ]
112 info retry fetch attempt 1 at 3:23:07 AM
113 info attempt registry request try #1 at 3:23:07 AM
114 http fetch GET https://registry.npmjs.org/node-bin-setup/-/node-bin-setup-1.0.6.tgz
115 http fetch 200 https://registry.npmjs.org/node-bin-setup/-/node-bin-setup-1.0.6.tgz
116 silly fetchAndShaCheck shasum 4b5c9bb937ece702d7069b36ca78af4684677528
117 verbose addTmpTarball C:\Users\sumee\AppData\Local\Temp\npm-14324-26c9bee8\registry.npmjs.org\node-bin-setup\-\node-bin-setup-1.0.6.tgz not in flight; adding
118 verbose addTmpTarball already have metadata; skipping unpack for node-bin-setup@1.0.6
119 verbose correctMkdir C:\Users\sumee\AppData\Roaming\npm-cache correctMkdir not in flight; initializing
120 silly cache afterAdd node-bin-setup@1.0.6
121 verbose afterAdd C:\Users\sumee\AppData\Roaming\npm-cache\node-bin-setup\1.0.6\package\package.json not in flight; writing
122 verbose correctMkdir C:\Users\sumee\AppData\Roaming\npm-cache correctMkdir not in flight; initializing
123 verbose afterAdd C:\Users\sumee\AppData\Roaming\npm-cache\node-bin-setup\1.0.6\package\package.json written
124 silly fetchNamedPackageData fsevents
125 silly mapToRegistry name fsevents
126 silly mapToRegistry using default registry
127 silly mapToRegistry registry https://registry.npmjs.org/
128 silly mapToRegistry data Result {
128 silly mapToRegistry   raw: 'fsevents',
128 silly mapToRegistry   scope: null,
128 silly mapToRegistry   escapedName: 'fsevents',
128 silly mapToRegistry   name: 'fsevents',
128 silly mapToRegistry   rawSpec: '',
128 silly mapToRegistry   spec: 'latest',
128 silly mapToRegistry   type: 'tag' }
129 silly mapToRegistry uri https://registry.npmjs.org/fsevents
130 verbose request uri https://registry.npmjs.org/fsevents
131 verbose request no auth needed
132 info attempt registry request try #1 at 3:23:07 AM
133 verbose etag "5a7fa6de-e526"
134 verbose lastModified Sun, 11 Feb 2018 2:13:50 GMT
135 http request GET https://registry.npmjs.org/fsevents
136 http 304 https://registry.npmjs.org/fsevents
137 verbose headers { date: 'Sun, 01 Apr 2018 21:53:08 GMT',
137 verbose headers   via: '1.1 varnish',
137 verbose headers   'cache-control': 'max-age=300',
137 verbose headers   etag: '"5a7fa6de-e526"',
137 verbose headers   age: '1779',
137 verbose headers   connection: 'keep-alive',
137 verbose headers   'x-served-by': 'cache-ams4125-AMS',
137 verbose headers   'x-cache': 'HIT',
137 verbose headers   'x-cache-hits': '12',
137 verbose headers   'x-timer': 'S1522619588.004269,VS0,VE0',
137 verbose headers   vary: 'Accept-Encoding, Accept' }
138 silly get cb [ 304,
138 silly get   { date: 'Sun, 01 Apr 2018 21:53:08 GMT',
138 silly get     via: '1.1 varnish',
138 silly get     'cache-control': 'max-age=300',
138 silly get     etag: '"5a7fa6de-e526"',
138 silly get     age: '1779',
138 silly get     connection: 'keep-alive',
138 silly get     'x-served-by': 'cache-ams4125-AMS',
138 silly get     'x-cache': 'HIT',
138 silly get     'x-cache-hits': '12',
138 silly get     'x-timer': 'S1522619588.004269,VS0,VE0',
138 silly get     vary: 'Accept-Encoding, Accept' } ]
139 verbose etag https://registry.npmjs.org/fsevents from cache
140 verbose get saving fsevents to C:\Users\sumee\AppData\Roaming\npm-cache\registry.npmjs.org\fsevents\.cache.json
141 verbose correctMkdir C:\Users\sumee\AppData\Roaming\npm-cache correctMkdir not in flight; initializing
142 silly resolveWithNewModule fsevents@1.1.3 checking installable status
143 silly loadAllDepsIntoIdealTree Finishing
144 silly loadIdealTree Finishing
145 silly currentTree URL-Shortner-microservice
145 silly currentTree +-- abbrev@1.1.1
145 silly currentTree +-- accepts@1.3.5
145 silly currentTree +-- acorn-globals@1.0.9
145 silly currentTree +-- acorn@2.7.0
145 silly currentTree +-- align-text@0.1.4
145 silly currentTree +-- amdefine@1.0.1
145 silly currentTree +-- ansi-align@2.0.0
145 silly currentTree +-- ansi-regex@3.0.0
145 silly currentTree +-- ansi-styles@3.2.1
145 silly currentTree +-- anymatch@2.0.0
145 silly currentTree +-- arr-diff@4.0.0
145 silly currentTree +-- arr-flatten@1.1.0
145 silly currentTree +-- arr-union@3.1.0
145 silly currentTree +-- array-flatten@1.1.1
145 silly currentTree +-- array-unique@0.3.2
145 silly currentTree +-- asap@1.0.0
145 silly currentTree +-- assign-symbols@1.0.0
145 silly currentTree +-- async-each@1.0.1
145 silly currentTree +-- atob@2.1.0
145 silly currentTree +-- balanced-match@1.0.0
145 silly currentTree +-- base@0.11.2
145 silly currentTree | `-- define-property@1.0.0
145 silly currentTree +-- binary-extensions@1.11.0
145 silly currentTree +-- body-parser@1.18.2
145 silly currentTree +-- boxen@1.3.0
145 silly currentTree | `-- camelcase@4.1.0
145 silly currentTree +-- brace-expansion@1.1.11
145 silly currentTree +-- braces@2.3.1
145 silly currentTree | +-- define-property@1.0.0
145 silly currentTree | +-- extend-shallow@2.0.1
145 silly currentTree | `-- kind-of@6.0.2
145 silly currentTree +-- bson@1.0.6
145 silly currentTree +-- bytes@3.0.0
145 silly currentTree +-- cache-base@1.0.1
145 silly currentTree +-- camelcase@1.2.1
145 silly currentTree +-- capture-stack-trace@1.0.0
145 silly currentTree +-- center-align@0.1.3
145 silly currentTree +-- chalk@2.3.2
145 silly currentTree +-- character-parser@1.2.1
145 silly currentTree +-- chokidar@2.0.3
145 silly currentTree +-- ci-info@1.1.3
145 silly currentTree +-- class-utils@0.3.6
145 silly currentTree | +-- define-property@0.2.5
145 silly currentTree | +-- is-accessor-descriptor@0.1.6
145 silly currentTree | | `-- kind-of@3.2.2
145 silly currentTree | +-- is-data-descriptor@0.1.4
145 silly currentTree | | `-- kind-of@3.2.2
145 silly currentTree | +-- is-descriptor@0.1.6
145 silly currentTree | `-- kind-of@5.1.0
145 silly currentTree +-- clean-css@3.4.28
145 silly currentTree | `-- commander@2.8.1
145 silly currentTree +-- cli-boxes@1.0.0
145 silly currentTree +-- cliui@2.1.0
145 silly currentTree | `-- wordwrap@0.0.2
145 silly currentTree +-- collection-visit@1.0.0
145 silly currentTree +-- color-convert@1.9.1
145 silly currentTree +-- color-name@1.1.3
145 silly currentTree +-- commander@2.6.0
145 silly currentTree +-- component-emitter@1.2.1
145 silly currentTree +-- concat-map@0.0.1
145 silly currentTree +-- configstore@3.1.2
145 silly currentTree +-- constantinople@3.0.2
145 silly currentTree +-- content-disposition@0.5.2
145 silly currentTree +-- content-type@1.0.4
145 silly currentTree +-- cookie-signature@1.0.6
145 silly currentTree +-- cookie@0.3.1
145 silly currentTree +-- copy-descriptor@0.1.1
145 silly currentTree +-- core-util-is@1.0.2
145 silly currentTree +-- create-error-class@3.0.2
145 silly currentTree +-- cross-spawn@5.1.0
145 silly currentTree +-- crypto-random-string@1.0.0
145 silly currentTree +-- css-parse@1.0.4
145 silly currentTree +-- css-stringify@1.0.5
145 silly currentTree +-- css@1.0.8
145 silly currentTree +-- debug@2.6.9
145 silly currentTree +-- decamelize@1.2.0
145 silly currentTree +-- decode-uri-component@0.2.0
145 silly currentTree +-- deep-extend@0.4.2
145 silly currentTree +-- define-property@2.0.2
145 silly currentTree +-- depd@1.1.2
145 silly currentTree +-- destroy@1.0.4
145 silly currentTree +-- dot-prop@4.2.0
145 silly currentTree +-- dotenv@5.0.1
145 silly currentTree +-- duplexer@0.1.1
145 silly currentTree +-- duplexer3@0.1.4
145 silly currentTree +-- ee-first@1.1.1
145 silly currentTree +-- encodeurl@1.0.2
145 silly currentTree +-- escape-html@1.0.3
145 silly currentTree +-- escape-string-regexp@1.0.5
145 silly currentTree +-- etag@1.8.1
145 silly currentTree +-- event-stream@3.3.4
145 silly currentTree +-- execa@0.7.0
145 silly currentTree +-- expand-brackets@2.1.4
145 silly currentTree | +-- define-property@0.2.5
145 silly currentTree | +-- extend-shallow@2.0.1
145 silly currentTree | +-- is-accessor-descriptor@0.1.6
145 silly currentTree | | `-- kind-of@3.2.2
145 silly currentTree | +-- is-data-descriptor@0.1.4
145 silly currentTree | | `-- kind-of@3.2.2
145 silly currentTree | +-- is-descriptor@0.1.6
145 silly currentTree | `-- kind-of@5.1.0
145 silly currentTree +-- express@4.16.3
145 silly currentTree +-- extend-shallow@3.0.2
145 silly currentTree | `-- is-extendable@1.0.1
145 silly currentTree +-- extglob@2.0.4
145 silly currentTree | +-- define-property@1.0.0
145 silly currentTree | `-- extend-shallow@2.0.1
145 silly currentTree +-- fill-range@4.0.0
145 silly currentTree | `-- extend-shallow@2.0.1
145 silly currentTree +-- finalhandler@1.1.1
145 silly currentTree +-- for-in@1.0.2
145 silly currentTree +-- forwarded@0.1.2
145 silly currentTree +-- fragment-cache@0.2.1
145 silly currentTree +-- fresh@0.5.2
145 silly currentTree +-- from@0.1.7
145 silly currentTree +-- get-stream@3.0.0
145 silly currentTree +-- get-value@2.0.6
145 silly currentTree +-- glob-parent@3.1.0
145 silly currentTree | `-- is-glob@3.1.0
145 silly currentTree +-- global-dirs@0.1.1
145 silly currentTree +-- got@6.7.1
145 silly currentTree +-- graceful-fs@4.1.11
145 silly currentTree +-- graceful-readlink@1.0.1
145 silly currentTree +-- has-flag@3.0.0
145 silly currentTree +-- has-value@1.0.0
145 silly currentTree +-- has-values@1.0.0
145 silly currentTree | `-- kind-of@4.0.0
145 silly currentTree +-- http-errors@1.6.3
145 silly currentTree +-- iconv-lite@0.4.19
145 silly currentTree +-- ignore-by-default@1.0.1
145 silly currentTree +-- import-lazy@2.1.0
145 silly currentTree +-- imurmurhash@0.1.4
145 silly currentTree +-- inherits@2.0.3
145 silly currentTree +-- ini@1.3.5
145 silly currentTree +-- ipaddr.js@1.6.0
145 silly currentTree +-- is-accessor-descriptor@1.0.0
145 silly currentTree | `-- kind-of@6.0.2
145 silly currentTree +-- is-binary-path@1.0.1
145 silly currentTree +-- is-buffer@1.1.6
145 silly currentTree +-- is-ci@1.1.0
145 silly currentTree +-- is-data-descriptor@1.0.0
145 silly currentTree | `-- kind-of@6.0.2
145 silly currentTree +-- is-descriptor@1.0.2
145 silly currentTree | `-- kind-of@6.0.2
145 silly currentTree +-- is-extendable@0.1.1
145 silly currentTree +-- is-extglob@2.1.1
145 silly currentTree +-- is-fullwidth-code-point@2.0.0
145 silly currentTree +-- is-glob@4.0.0
145 silly currentTree +-- is-installed-globally@0.1.0
145 silly currentTree +-- is-npm@1.0.0
145 silly currentTree +-- is-number@3.0.0
145 silly currentTree +-- is-obj@1.0.1
145 silly currentTree +-- is-odd@2.0.0
145 silly currentTree | `-- is-number@4.0.0
145 silly currentTree +-- is-path-inside@1.0.1
145 silly currentTree +-- is-plain-object@2.0.4
145 silly currentTree +-- is-promise@2.1.0
145 silly currentTree +-- is-redirect@1.0.0
145 silly currentTree +-- is-retry-allowed@1.1.0
145 silly currentTree +-- is-stream@1.1.0
145 silly currentTree +-- is-windows@1.0.2
145 silly currentTree +-- isarray@1.0.0
145 silly currentTree +-- isexe@2.0.0
145 silly currentTree +-- isobject@3.0.1
145 silly currentTree +-- jade@1.11.0
145 silly currentTree +-- jstransformer@0.0.2
145 silly currentTree +-- kind-of@3.2.2
145 silly currentTree +-- latest-version@3.1.0
145 silly currentTree +-- lazy-cache@1.0.4
145 silly currentTree +-- longest@1.0.1
145 silly currentTree +-- lowercase-keys@1.0.1
145 silly currentTree +-- lru-cache@4.1.2
145 silly currentTree +-- make-dir@1.2.0
145 silly currentTree +-- map-cache@0.2.2
145 silly currentTree +-- map-stream@0.1.0
145 silly currentTree +-- map-visit@1.0.0
145 silly currentTree +-- media-typer@0.3.0
145 silly currentTree +-- merge-descriptors@1.0.1
145 silly currentTree +-- methods@1.1.2
145 silly currentTree +-- micromatch@3.1.10
145 silly currentTree | `-- kind-of@6.0.2
145 silly currentTree +-- mime-db@1.33.0
145 silly currentTree +-- mime-types@2.1.18
145 silly currentTree +-- mime@1.4.1
145 silly currentTree +-- minimatch@3.0.4
145 silly currentTree +-- minimist@0.0.8
145 silly currentTree +-- mixin-deep@1.3.1
145 silly currentTree | `-- is-extendable@1.0.1
145 silly currentTree +-- mkdirp@0.5.1
145 silly currentTree +-- mongodb-core@3.0.5
145 silly currentTree +-- mongodb@3.0.5
145 silly currentTree +-- ms@2.0.0
145 silly currentTree +-- nanomatch@1.2.9
145 silly currentTree | `-- kind-of@6.0.2
145 silly currentTree +-- negotiator@0.6.1
145 silly currentTree +-- nodemon@1.17.3
145 silly currentTree | `-- debug@3.1.0
145 silly currentTree +-- nopt@1.0.10
145 silly currentTree +-- normalize-path@2.1.1
145 silly currentTree +-- npm-run-path@2.0.2
145 silly currentTree +-- object-copy@0.1.0
145 silly currentTree | +-- define-property@0.2.5
145 silly currentTree | +-- is-accessor-descriptor@0.1.6
145 silly currentTree | +-- is-data-descriptor@0.1.4
145 silly currentTree | `-- is-descriptor@0.1.6
145 silly currentTree |   `-- kind-of@5.1.0
145 silly currentTree +-- object-visit@1.0.1
145 silly currentTree +-- object.pick@1.3.0
145 silly currentTree +-- on-finished@2.3.0
145 silly currentTree +-- optimist@0.3.7
145 silly currentTree +-- p-finally@1.0.0
145 silly currentTree +-- package-json@4.0.1
145 silly currentTree +-- parseurl@1.3.2
145 silly currentTree +-- pascalcase@0.1.1
145 silly currentTree +-- path-dirname@1.0.2
145 silly currentTree +-- path-is-absolute@1.0.1
145 silly currentTree +-- path-is-inside@1.0.2
145 silly currentTree +-- path-key@2.0.1
145 silly currentTree +-- path-to-regexp@0.1.7
145 silly currentTree +-- pause-stream@0.0.11
145 silly currentTree +-- pify@3.0.0
145 silly currentTree +-- posix-character-classes@0.1.1
145 silly currentTree +-- prepend-http@1.0.4
145 silly currentTree +-- process-nextick-args@2.0.0
145 silly currentTree +-- promise@6.1.0
145 silly currentTree +-- proxy-addr@2.0.3
145 silly currentTree +-- ps-tree@1.1.0
145 silly currentTree +-- pseudomap@1.0.2
145 silly currentTree +-- pstree.remy@1.1.0
145 silly currentTree +-- qs@6.5.1
145 silly currentTree +-- range-parser@1.2.0
145 silly currentTree +-- raw-body@2.3.2
145 silly currentTree | +-- depd@1.1.1
145 silly currentTree | +-- http-errors@1.6.2
145 silly currentTree | `-- setprototypeof@1.0.3
145 silly currentTree +-- rc@1.2.6
145 silly currentTree | `-- minimist@1.2.0
145 silly currentTree +-- readable-stream@2.3.5
145 silly currentTree +-- readdirp@2.1.0
145 silly currentTree +-- regex-not@1.0.2
145 silly currentTree +-- registry-auth-token@3.3.2
145 silly currentTree +-- registry-url@3.1.0
145 silly currentTree +-- remove-trailing-separator@1.1.0
145 silly currentTree +-- repeat-element@1.1.2
145 silly currentTree +-- repeat-string@1.6.1
145 silly currentTree +-- require_optional@1.0.1
145 silly currentTree +-- resolve-from@2.0.0
145 silly currentTree +-- resolve-url@0.2.1
145 silly currentTree +-- ret@0.1.15
145 silly currentTree +-- right-align@0.1.3
145 silly currentTree +-- safe-buffer@5.1.1
145 silly currentTree +-- safe-regex@1.1.0
145 silly currentTree +-- semver-diff@2.1.0
145 silly currentTree +-- semver@5.5.0
145 silly currentTree +-- send@0.16.2
145 silly currentTree +-- serve-static@1.13.2
145 silly currentTree +-- set-immediate-shim@1.0.1
145 silly currentTree +-- set-value@2.0.0
145 silly currentTree | `-- extend-shallow@2.0.1
145 silly currentTree +-- setprototypeof@1.1.0
145 silly currentTree +-- shebang-command@1.2.0
145 silly currentTree +-- shebang-regex@1.0.0
145 silly currentTree +-- signal-exit@3.0.2
145 silly currentTree +-- snapdragon-node@2.1.1
145 silly currentTree | `-- define-property@1.0.0
145 silly currentTree +-- snapdragon-util@3.0.1
145 silly currentTree +-- snapdragon@0.8.2
145 silly currentTree | +-- define-property@0.2.5
145 silly currentTree | +-- extend-shallow@2.0.1
145 silly currentTree | +-- is-accessor-descriptor@0.1.6
145 silly currentTree | | `-- kind-of@3.2.2
145 silly currentTree | +-- is-data-descriptor@0.1.4
145 silly currentTree | | `-- kind-of@3.2.2
145 silly currentTree | +-- is-descriptor@0.1.6
145 silly currentTree | +-- kind-of@5.1.0
145 silly currentTree | `-- source-map@0.5.7
145 silly currentTree +-- source-map-resolve@0.5.1
145 silly currentTree +-- source-map-url@0.4.0
145 silly currentTree +-- source-map@0.4.4
145 silly currentTree +-- split-string@3.1.0
145 silly currentTree +-- split@0.3.3
145 silly currentTree +-- static-extend@0.1.2
145 silly currentTree | +-- define-property@0.2.5
145 silly currentTree | +-- is-accessor-descriptor@0.1.6
145 silly currentTree | | `-- kind-of@3.2.2
145 silly currentTree | +-- is-data-descriptor@0.1.4
145 silly currentTree | | `-- kind-of@3.2.2
145 silly currentTree | +-- is-descriptor@0.1.6
145 silly currentTree | `-- kind-of@5.1.0
145 silly currentTree +-- statuses@1.4.0
145 silly currentTree +-- stream-combiner@0.0.4
145 silly currentTree +-- string_decoder@1.0.3
145 silly currentTree +-- string-width@2.1.1
145 silly currentTree +-- strip-ansi@4.0.0
145 silly currentTree +-- strip-eof@1.0.0
145 silly currentTree +-- strip-json-comments@2.0.1
145 silly currentTree +-- supports-color@5.3.0
145 silly currentTree +-- term-size@1.2.0
145 silly currentTree +-- through@2.3.8
145 silly currentTree +-- timed-out@4.0.1
145 silly currentTree +-- to-object-path@0.3.0
145 silly currentTree +-- to-regex-range@2.1.1
145 silly currentTree +-- to-regex@3.0.2
145 silly currentTree +-- touch@3.1.0
145 silly currentTree +-- transformers@2.1.0
145 silly currentTree | +-- is-promise@1.0.1
145 silly currentTree | +-- promise@2.0.0
145 silly currentTree | +-- source-map@0.1.43
145 silly currentTree | `-- uglify-js@2.2.5
145 silly currentTree +-- type-is@1.6.16
145 silly currentTree +-- uglify-js@2.8.29
145 silly currentTree | `-- source-map@0.5.7
145 silly currentTree +-- uglify-to-browserify@1.0.2
145 silly currentTree +-- undefsafe@2.0.2
145 silly currentTree +-- union-value@1.0.0
145 silly currentTree | +-- extend-shallow@2.0.1
145 silly currentTree | `-- set-value@0.4.3
145 silly currentTree +-- unique-string@1.0.0
145 silly currentTree +-- unpipe@1.0.0
145 silly currentTree +-- unset-value@1.0.0
145 silly currentTree | +-- has-value@0.3.1
145 silly currentTree | | `-- isobject@2.1.0
145 silly currentTree | `-- has-values@0.1.4
145 silly currentTree +-- unzip-response@2.0.1
145 silly currentTree +-- upath@1.0.4
145 silly currentTree +-- update-notifier@2.4.0
145 silly currentTree +-- urix@0.1.0
145 silly currentTree +-- url-parse-lax@1.0.0
145 silly currentTree +-- use@3.1.0
145 silly currentTree | `-- kind-of@6.0.2
145 silly currentTree +-- util-deprecate@1.0.2
145 silly currentTree +-- utils-merge@1.0.1
145 silly currentTree +-- vary@1.1.2
145 silly currentTree +-- void-elements@2.0.1
145 silly currentTree +-- which@1.3.0
145 silly currentTree +-- widest-line@2.0.0
145 silly currentTree +-- window-size@0.1.0
145 silly currentTree +-- with@4.0.3
145 silly currentTree | `-- acorn@1.2.2
145 silly currentTree +-- wordwrap@0.0.3
145 silly currentTree +-- write-file-atomic@2.3.0
145 silly currentTree +-- xdg-basedir@3.0.0
145 silly currentTree +-- yallist@2.1.2
145 silly currentTree `-- yargs@3.10.0
146 silly idealTree URL-Shortner-microservice
146 silly idealTree +-- abbrev@1.1.1
146 silly idealTree +-- accepts@1.3.5
146 silly idealTree +-- acorn-globals@1.0.9
146 silly idealTree +-- acorn@2.7.0
146 silly idealTree +-- align-text@0.1.4
146 silly idealTree +-- amdefine@1.0.1
146 silly idealTree +-- ansi-align@2.0.0
146 silly idealTree +-- ansi-regex@3.0.0
146 silly idealTree +-- ansi-styles@3.2.1
146 silly idealTree +-- anymatch@2.0.0
146 silly idealTree +-- arr-diff@4.0.0
146 silly idealTree +-- arr-flatten@1.1.0
146 silly idealTree +-- arr-union@3.1.0
146 silly idealTree +-- array-flatten@1.1.1
146 silly idealTree +-- array-unique@0.3.2
146 silly idealTree +-- asap@1.0.0
146 silly idealTree +-- assign-symbols@1.0.0
146 silly idealTree +-- async-each@1.0.1
146 silly idealTree +-- atob@2.1.0
146 silly idealTree +-- balanced-match@1.0.0
146 silly idealTree +-- base@0.11.2
146 silly idealTree | `-- define-property@1.0.0
146 silly idealTree +-- binary-extensions@1.11.0
146 silly idealTree +-- body-parser@1.18.2
146 silly idealTree +-- boxen@1.3.0
146 silly idealTree | `-- camelcase@4.1.0
146 silly idealTree +-- brace-expansion@1.1.11
146 silly idealTree +-- braces@2.3.1
146 silly idealTree | +-- define-property@1.0.0
146 silly idealTree | +-- extend-shallow@2.0.1
146 silly idealTree | `-- kind-of@6.0.2
146 silly idealTree +-- bson@1.0.6
146 silly idealTree +-- bytes@3.0.0
146 silly idealTree +-- cache-base@1.0.1
146 silly idealTree +-- camelcase@1.2.1
146 silly idealTree +-- capture-stack-trace@1.0.0
146 silly idealTree +-- center-align@0.1.3
146 silly idealTree +-- chalk@2.3.2
146 silly idealTree +-- character-parser@1.2.1
146 silly idealTree +-- chokidar@2.0.3
146 silly idealTree +-- ci-info@1.1.3
146 silly idealTree +-- class-utils@0.3.6
146 silly idealTree | +-- define-property@0.2.5
146 silly idealTree | +-- is-accessor-descriptor@0.1.6
146 silly idealTree | | `-- kind-of@3.2.2
146 silly idealTree | +-- is-data-descriptor@0.1.4
146 silly idealTree | | `-- kind-of@3.2.2
146 silly idealTree | +-- is-descriptor@0.1.6
146 silly idealTree | `-- kind-of@5.1.0
146 silly idealTree +-- clean-css@3.4.28
146 silly idealTree | `-- commander@2.8.1
146 silly idealTree +-- cli-boxes@1.0.0
146 silly idealTree +-- cliui@2.1.0
146 silly idealTree | `-- wordwrap@0.0.2
146 silly idealTree +-- collection-visit@1.0.0
146 silly idealTree +-- color-convert@1.9.1
146 silly idealTree +-- color-name@1.1.3
146 silly idealTree +-- commander@2.6.0
146 silly idealTree +-- component-emitter@1.2.1
146 silly idealTree +-- concat-map@0.0.1
146 silly idealTree +-- configstore@3.1.2
146 silly idealTree +-- constantinople@3.0.2
146 silly idealTree +-- content-disposition@0.5.2
146 silly idealTree +-- content-type@1.0.4
146 silly idealTree +-- cookie-signature@1.0.6
146 silly idealTree +-- cookie@0.3.1
146 silly idealTree +-- copy-descriptor@0.1.1
146 silly idealTree +-- core-util-is@1.0.2
146 silly idealTree +-- create-error-class@3.0.2
146 silly idealTree +-- cross-spawn@5.1.0
146 silly idealTree +-- crypto-random-string@1.0.0
146 silly idealTree +-- css-parse@1.0.4
146 silly idealTree +-- css-stringify@1.0.5
146 silly idealTree +-- css@1.0.8
146 silly idealTree +-- debug@2.6.9
146 silly idealTree +-- decamelize@1.2.0
146 silly idealTree +-- decode-uri-component@0.2.0
146 silly idealTree +-- deep-extend@0.4.2
146 silly idealTree +-- define-property@2.0.2
146 silly idealTree +-- depd@1.1.2
146 silly idealTree +-- destroy@1.0.4
146 silly idealTree +-- dot-prop@4.2.0
146 silly idealTree +-- dotenv@5.0.1
146 silly idealTree +-- duplexer@0.1.1
146 silly idealTree +-- duplexer3@0.1.4
146 silly idealTree +-- ee-first@1.1.1
146 silly idealTree +-- encodeurl@1.0.2
146 silly idealTree +-- escape-html@1.0.3
146 silly idealTree +-- escape-string-regexp@1.0.5
146 silly idealTree +-- etag@1.8.1
146 silly idealTree +-- event-stream@3.3.4
146 silly idealTree +-- execa@0.7.0
146 silly idealTree +-- expand-brackets@2.1.4
146 silly idealTree | +-- define-property@0.2.5
146 silly idealTree | +-- extend-shallow@2.0.1
146 silly idealTree | +-- is-accessor-descriptor@0.1.6
146 silly idealTree | | `-- kind-of@3.2.2
146 silly idealTree | +-- is-data-descriptor@0.1.4
146 silly idealTree | | `-- kind-of@3.2.2
146 silly idealTree | +-- is-descriptor@0.1.6
146 silly idealTree | `-- kind-of@5.1.0
146 silly idealTree +-- express@4.16.3
146 silly idealTree +-- extend-shallow@3.0.2
146 silly idealTree | `-- is-extendable@1.0.1
146 silly idealTree +-- extglob@2.0.4
146 silly idealTree | +-- define-property@1.0.0
146 silly idealTree | `-- extend-shallow@2.0.1
146 silly idealTree +-- fill-range@4.0.0
146 silly idealTree | `-- extend-shallow@2.0.1
146 silly idealTree +-- finalhandler@1.1.1
146 silly idealTree +-- for-in@1.0.2
146 silly idealTree +-- forwarded@0.1.2
146 silly idealTree +-- fragment-cache@0.2.1
146 silly idealTree +-- fresh@0.5.2
146 silly idealTree +-- from@0.1.7
146 silly idealTree +-- get-stream@3.0.0
146 silly idealTree +-- get-value@2.0.6
146 silly idealTree +-- glob-parent@3.1.0
146 silly idealTree | `-- is-glob@3.1.0
146 silly idealTree +-- global-dirs@0.1.1
146 silly idealTree +-- got@6.7.1
146 silly idealTree +-- graceful-fs@4.1.11
146 silly idealTree +-- graceful-readlink@1.0.1
146 silly idealTree +-- has-flag@3.0.0
146 silly idealTree +-- has-value@1.0.0
146 silly idealTree +-- has-values@1.0.0
146 silly idealTree | `-- kind-of@4.0.0
146 silly idealTree +-- http-errors@1.6.3
146 silly idealTree +-- iconv-lite@0.4.19
146 silly idealTree +-- ignore-by-default@1.0.1
146 silly idealTree +-- import-lazy@2.1.0
146 silly idealTree +-- imurmurhash@0.1.4
146 silly idealTree +-- inherits@2.0.3
146 silly idealTree +-- ini@1.3.5
146 silly idealTree +-- ipaddr.js@1.6.0
146 silly idealTree +-- is-accessor-descriptor@1.0.0
146 silly idealTree | `-- kind-of@6.0.2
146 silly idealTree +-- is-binary-path@1.0.1
146 silly idealTree +-- is-buffer@1.1.6
146 silly idealTree +-- is-ci@1.1.0
146 silly idealTree +-- is-data-descriptor@1.0.0
146 silly idealTree | `-- kind-of@6.0.2
146 silly idealTree +-- is-descriptor@1.0.2
146 silly idealTree | `-- kind-of@6.0.2
146 silly idealTree +-- is-extendable@0.1.1
146 silly idealTree +-- is-extglob@2.1.1
146 silly idealTree +-- is-fullwidth-code-point@2.0.0
146 silly idealTree +-- is-glob@4.0.0
146 silly idealTree +-- is-installed-globally@0.1.0
146 silly idealTree +-- is-npm@1.0.0
146 silly idealTree +-- is-number@3.0.0
146 silly idealTree +-- is-obj@1.0.1
146 silly idealTree +-- is-odd@2.0.0
146 silly idealTree | `-- is-number@4.0.0
146 silly idealTree +-- is-path-inside@1.0.1
146 silly idealTree +-- is-plain-object@2.0.4
146 silly idealTree +-- is-promise@2.1.0
146 silly idealTree +-- is-redirect@1.0.0
146 silly idealTree +-- is-retry-allowed@1.1.0
146 silly idealTree +-- is-stream@1.1.0
146 silly idealTree +-- is-windows@1.0.2
146 silly idealTree +-- isarray@1.0.0
146 silly idealTree +-- isexe@2.0.0
146 silly idealTree +-- isobject@3.0.1
146 silly idealTree +-- jade@1.11.0
146 silly idealTree +-- jstransformer@0.0.2
146 silly idealTree +-- kind-of@3.2.2
146 silly idealTree +-- latest-version@3.1.0
146 silly idealTree +-- lazy-cache@1.0.4
146 silly idealTree +-- longest@1.0.1
146 silly idealTree +-- lowercase-keys@1.0.1
146 silly idealTree +-- lru-cache@4.1.2
146 silly idealTree +-- make-dir@1.2.0
146 silly idealTree +-- map-cache@0.2.2
146 silly idealTree +-- map-stream@0.1.0
146 silly idealTree +-- map-visit@1.0.0
146 silly idealTree +-- media-typer@0.3.0
146 silly idealTree +-- merge-descriptors@1.0.1
146 silly idealTree +-- methods@1.1.2
146 silly idealTree +-- micromatch@3.1.10
146 silly idealTree | `-- kind-of@6.0.2
146 silly idealTree +-- mime-db@1.33.0
146 silly idealTree +-- mime-types@2.1.18
146 silly idealTree +-- mime@1.4.1
146 silly idealTree +-- minimatch@3.0.4
146 silly idealTree +-- minimist@0.0.8
146 silly idealTree +-- mixin-deep@1.3.1
146 silly idealTree | `-- is-extendable@1.0.1
146 silly idealTree +-- mkdirp@0.5.1
146 silly idealTree +-- mongodb-core@3.0.5
146 silly idealTree +-- mongodb@3.0.5
146 silly idealTree +-- ms@2.0.0
146 silly idealTree +-- nanomatch@1.2.9
146 silly idealTree | `-- kind-of@6.0.2
146 silly idealTree +-- negotiator@0.6.1
146 silly idealTree +-- node-bin-setup@1.0.6
146 silly idealTree +-- node@9.10.1
146 silly idealTree +-- nodemon@1.17.3
146 silly idealTree | `-- debug@3.1.0
146 silly idealTree +-- nopt@1.0.10
146 silly idealTree +-- normalize-path@2.1.1
146 silly idealTree +-- npm-run-path@2.0.2
146 silly idealTree +-- object-copy@0.1.0
146 silly idealTree | +-- define-property@0.2.5
146 silly idealTree | +-- is-accessor-descriptor@0.1.6
146 silly idealTree | +-- is-data-descriptor@0.1.4
146 silly idealTree | `-- is-descriptor@0.1.6
146 silly idealTree |   `-- kind-of@5.1.0
146 silly idealTree +-- object-visit@1.0.1
146 silly idealTree +-- object.pick@1.3.0
146 silly idealTree +-- on-finished@2.3.0
146 silly idealTree +-- optimist@0.3.7
146 silly idealTree +-- p-finally@1.0.0
146 silly idealTree +-- package-json@4.0.1
146 silly idealTree +-- parseurl@1.3.2
146 silly idealTree +-- pascalcase@0.1.1
146 silly idealTree +-- path-dirname@1.0.2
146 silly idealTree +-- path-is-absolute@1.0.1
146 silly idealTree +-- path-is-inside@1.0.2
146 silly idealTree +-- path-key@2.0.1
146 silly idealTree +-- path-to-regexp@0.1.7
146 silly idealTree +-- pause-stream@0.0.11
146 silly idealTree +-- pify@3.0.0
146 silly idealTree +-- posix-character-classes@0.1.1
146 silly idealTree +-- prepend-http@1.0.4
146 silly idealTree +-- process-nextick-args@2.0.0
146 silly idealTree +-- promise@6.1.0
146 silly idealTree +-- proxy-addr@2.0.3
146 silly idealTree +-- ps-tree@1.1.0
146 silly idealTree +-- pseudomap@1.0.2
146 silly idealTree +-- pstree.remy@1.1.0
146 silly idealTree +-- qs@6.5.1
146 silly idealTree +-- range-parser@1.2.0
146 silly idealTree +-- raw-body@2.3.2
146 silly idealTree | +-- depd@1.1.1
146 silly idealTree | +-- http-errors@1.6.2
146 silly idealTree | `-- setprototypeof@1.0.3
146 silly idealTree +-- rc@1.2.6
146 silly idealTree | `-- minimist@1.2.0
146 silly idealTree +-- readable-stream@2.3.5
146 silly idealTree +-- readdirp@2.1.0
146 silly idealTree +-- regex-not@1.0.2
146 silly idealTree +-- registry-auth-token@3.3.2
146 silly idealTree +-- registry-url@3.1.0
146 silly idealTree +-- remove-trailing-separator@1.1.0
146 silly idealTree +-- repeat-element@1.1.2
146 silly idealTree +-- repeat-string@1.6.1
146 silly idealTree +-- require_optional@1.0.1
146 silly idealTree +-- resolve-from@2.0.0
146 silly idealTree +-- resolve-url@0.2.1
146 silly idealTree +-- ret@0.1.15
146 silly idealTree +-- right-align@0.1.3
146 silly idealTree +-- safe-buffer@5.1.1
146 silly idealTree +-- safe-regex@1.1.0
146 silly idealTree +-- semver-diff@2.1.0
146 silly idealTree +-- semver@5.5.0
146 silly idealTree +-- send@0.16.2
146 silly idealTree +-- serve-static@1.13.2
146 silly idealTree +-- set-immediate-shim@1.0.1
146 silly idealTree +-- set-value@2.0.0
146 silly idealTree | `-- extend-shallow@2.0.1
146 silly idealTree +-- setprototypeof@1.1.0
146 silly idealTree +-- shebang-command@1.2.0
146 silly idealTree +-- shebang-regex@1.0.0
146 silly idealTree +-- signal-exit@3.0.2
146 silly idealTree +-- snapdragon-node@2.1.1
146 silly idealTree | `-- define-property@1.0.0
146 silly idealTree +-- snapdragon-util@3.0.1
146 silly idealTree +-- snapdragon@0.8.2
146 silly idealTree | +-- define-property@0.2.5
146 silly idealTree | +-- extend-shallow@2.0.1
146 silly idealTree | +-- is-accessor-descriptor@0.1.6
146 silly idealTree | | `-- kind-of@3.2.2
146 silly idealTree | +-- is-data-descriptor@0.1.4
146 silly idealTree | | `-- kind-of@3.2.2
146 silly idealTree | +-- is-descriptor@0.1.6
146 silly idealTree | +-- kind-of@5.1.0
146 silly idealTree | `-- source-map@0.5.7
146 silly idealTree +-- source-map-resolve@0.5.1
146 silly idealTree +-- source-map-url@0.4.0
146 silly idealTree +-- source-map@0.4.4
146 silly idealTree +-- split-string@3.1.0
146 silly idealTree +-- split@0.3.3
146 silly idealTree +-- static-extend@0.1.2
146 silly idealTree | +-- define-property@0.2.5
146 silly idealTree | +-- is-accessor-descriptor@0.1.6
146 silly idealTree | | `-- kind-of@3.2.2
146 silly idealTree | +-- is-data-descriptor@0.1.4
146 silly idealTree | | `-- kind-of@3.2.2
146 silly idealTree | +-- is-descriptor@0.1.6
146 silly idealTree | `-- kind-of@5.1.0
146 silly idealTree +-- statuses@1.4.0
146 silly idealTree +-- stream-combiner@0.0.4
146 silly idealTree +-- string_decoder@1.0.3
146 silly idealTree +-- string-width@2.1.1
146 silly idealTree +-- strip-ansi@4.0.0
146 silly idealTree +-- strip-eof@1.0.0
146 silly idealTree +-- strip-json-comments@2.0.1
146 silly idealTree +-- supports-color@5.3.0
146 silly idealTree +-- term-size@1.2.0
146 silly idealTree +-- through@2.3.8
146 silly idealTree +-- timed-out@4.0.1
146 silly idealTree +-- to-object-path@0.3.0
146 silly idealTree +-- to-regex-range@2.1.1
146 silly idealTree +-- to-regex@3.0.2
146 silly idealTree +-- touch@3.1.0
146 silly idealTree +-- transformers@2.1.0
146 silly idealTree | +-- is-promise@1.0.1
146 silly idealTree | +-- promise@2.0.0
146 silly idealTree | +-- source-map@0.1.43
146 silly idealTree | `-- uglify-js@2.2.5
146 silly idealTree +-- type-is@1.6.16
146 silly idealTree +-- uglify-js@2.8.29
146 silly idealTree | `-- source-map@0.5.7
146 silly idealTree +-- uglify-to-browserify@1.0.2
146 silly idealTree +-- undefsafe@2.0.2
146 silly idealTree +-- union-value@1.0.0
146 silly idealTree | +-- extend-shallow@2.0.1
146 silly idealTree | `-- set-value@0.4.3
146 silly idealTree +-- unique-string@1.0.0
146 silly idealTree +-- unpipe@1.0.0
146 silly idealTree +-- unset-value@1.0.0
146 silly idealTree | +-- has-value@0.3.1
146 silly idealTree | | `-- isobject@2.1.0
146 silly idealTree | `-- has-values@0.1.4
146 silly idealTree +-- unzip-response@2.0.1
146 silly idealTree +-- upath@1.0.4
146 silly idealTree +-- update-notifier@2.4.0
146 silly idealTree +-- urix@0.1.0
146 silly idealTree +-- url-parse-lax@1.0.0
146 silly idealTree +-- use@3.1.0
146 silly idealTree | `-- kind-of@6.0.2
146 silly idealTree +-- util-deprecate@1.0.2
146 silly idealTree +-- utils-merge@1.0.1
146 silly idealTree +-- vary@1.1.2
146 silly idealTree +-- void-elements@2.0.1
146 silly idealTree +-- which@1.3.0
146 silly idealTree +-- widest-line@2.0.0
146 silly idealTree +-- window-size@0.1.0
146 silly idealTree +-- with@4.0.3
146 silly idealTree | `-- acorn@1.2.2
146 silly idealTree +-- wordwrap@0.0.3
146 silly idealTree +-- write-file-atomic@2.3.0
146 silly idealTree +-- xdg-basedir@3.0.0
146 silly idealTree +-- yallist@2.1.2
146 silly idealTree `-- yargs@3.10.0
147 silly generateActionsToTake Starting
148 silly install generateActionsToTake
149 silly generateActionsToTake Finishing
150 silly diffTrees action count 2
151 silly diffTrees add node-bin-setup@1.0.6
152 silly diffTrees add node@9.10.1
153 silly decomposeActions action count 16
154 silly decomposeActions fetch node-bin-setup@1.0.6
155 silly decomposeActions extract node-bin-setup@1.0.6
156 silly decomposeActions test node-bin-setup@1.0.6
157 silly decomposeActions preinstall node-bin-setup@1.0.6
158 silly decomposeActions build node-bin-setup@1.0.6
159 silly decomposeActions install node-bin-setup@1.0.6
160 silly decomposeActions postinstall node-bin-setup@1.0.6
161 silly decomposeActions finalize node-bin-setup@1.0.6
162 silly decomposeActions fetch node@9.10.1
163 silly decomposeActions extract node@9.10.1
164 silly decomposeActions test node@9.10.1
165 silly decomposeActions preinstall node@9.10.1
166 silly decomposeActions build node@9.10.1
167 silly decomposeActions install node@9.10.1
168 silly decomposeActions postinstall node@9.10.1
169 silly decomposeActions finalize node@9.10.1
170 silly runTopLevelLifecycles Starting
171 silly executeActions Starting
172 silly install executeActions
173 silly doSerial global-install 0
174 silly doParallel fetch 2
175 verbose correctMkdir C:\Users\sumee\AppData\Roaming\npm-cache\_locks correctMkdir not in flight; initializing
176 verbose lock using C:\Users\sumee\AppData\Roaming\npm-cache\_locks\staging-f19b3c008cf26872.lock for C:\Users\sumee\Desktop\my apps\allclone\new app\URL-Shortner-microservice\node_modules\.staging
177 silly doParallel extract 2
178 silly extract node-bin-setup@1.0.6
179 silly extract node@9.10.1
180 verbose unbuild node_modules\.staging\node-bin-setup-17b85806
181 verbose unbuild node_modules\.staging\node-31ddf6d0
182 silly gentlyRm C:\Users\sumee\Desktop\my apps\allclone\new app\URL-Shortner-microservice\node_modules\.staging\node-bin-setup-17b85806 is being purged from base C:\Users\sumee\Desktop\my apps\allclone\new app\URL-Shortner-microservice
183 verbose gentlyRm don't care about contents; nuking C:\Users\sumee\Desktop\my apps\allclone\new app\URL-Shortner-microservice\node_modules\.staging\node-bin-setup-17b85806
184 verbose tar unpack C:\Users\sumee\AppData\Roaming\npm-cache\node-bin-setup\1.0.6\package.tgz
185 verbose tar unpacking to C:\Users\sumee\Desktop\my apps\allclone\new app\URL-Shortner-microservice\node_modules\.staging\node-bin-setup-17b85806
186 silly gentlyRm C:\Users\sumee\Desktop\my apps\allclone\new app\URL-Shortner-microservice\node_modules\.staging\node-bin-setup-17b85806 is being purged
187 verbose gentlyRm don't care about contents; nuking C:\Users\sumee\Desktop\my apps\allclone\new app\URL-Shortner-microservice\node_modules\.staging\node-bin-setup-17b85806
188 silly gunzTarPerm modes [ '777', '666' ]
189 silly gentlyRm C:\Users\sumee\Desktop\my apps\allclone\new app\URL-Shortner-microservice\node_modules\.staging\node-31ddf6d0 is being purged from base C:\Users\sumee\Desktop\my apps\allclone\new app\URL-Shortner-microservice
190 verbose gentlyRm don't care about contents; nuking C:\Users\sumee\Desktop\my apps\allclone\new app\URL-Shortner-microservice\node_modules\.staging\node-31ddf6d0
191 verbose tar unpack C:\Users\sumee\AppData\Roaming\npm-cache\node\9.10.1\package.tgz
192 verbose tar unpacking to C:\Users\sumee\Desktop\my apps\allclone\new app\URL-Shortner-microservice\node_modules\.staging\node-31ddf6d0
193 silly gentlyRm C:\Users\sumee\Desktop\my apps\allclone\new app\URL-Shortner-microservice\node_modules\.staging\node-31ddf6d0 is being purged
194 verbose gentlyRm don't care about contents; nuking C:\Users\sumee\Desktop\my apps\allclone\new app\URL-Shortner-microservice\node_modules\.staging\node-31ddf6d0
195 silly gunzTarPerm modes [ '777', '666' ]
196 silly gunzTarPerm extractEntry package.json
197 silly gunzTarPerm modified mode [ 'package.json', 420, 438 ]
198 silly gunzTarPerm extractEntry package.json
199 silly gunzTarPerm modified mode [ 'package.json', 420, 438 ]
200 silly gunzTarPerm extractEntry index.js
201 silly gunzTarPerm modified mode [ 'index.js', 420, 438 ]
202 silly gunzTarPerm extractEntry installArchSpecificPackage.js
203 silly gunzTarPerm modified mode [ 'installArchSpecificPackage.js', 420, 438 ]
204 silly gunzTarPerm extractEntry README.md
205 silly gunzTarPerm modified mode [ 'README.md', 420, 438 ]
206 silly gentlyRm C:\Users\sumee\Desktop\my apps\allclone\new app\URL-Shortner-microservice\node_modules\.staging\node-31ddf6d0\node_modules is being purged
207 verbose gentlyRm don't care about contents; nuking C:\Users\sumee\Desktop\my apps\allclone\new app\URL-Shortner-microservice\node_modules\.staging\node-31ddf6d0\node_modules
208 silly gentlyRm C:\Users\sumee\Desktop\my apps\allclone\new app\URL-Shortner-microservice\node_modules\.staging\node-bin-setup-17b85806\node_modules is being purged
209 verbose gentlyRm don't care about contents; nuking C:\Users\sumee\Desktop\my apps\allclone\new app\URL-Shortner-microservice\node_modules\.staging\node-bin-setup-17b85806\node_modules
210 silly doParallel preinstall 2
211 silly preinstall node-bin-setup@1.0.6 C:\Users\sumee\Desktop\my apps\allclone\new app\URL-Shortner-microservice\node_modules\.staging\node-bin-setup-17b85806
212 info lifecycle node-bin-setup@1.0.6~preinstall: node-bin-setup@1.0.6
213 silly preinstall node@9.10.1 C:\Users\sumee\Desktop\my apps\allclone\new app\URL-Shortner-microservice\node_modules\.staging\node-31ddf6d0
214 info lifecycle node@9.10.1~preinstall: node@9.10.1
215 silly lifecycle node-bin-setup@1.0.6~preinstall: no script for preinstall, continuing
216 verbose lifecycle node@9.10.1~preinstall: unsafe-perm in lifecycle true
217 verbose lifecycle node@9.10.1~preinstall: PATH: C:\Program Files\nodejs\node_modules\npm\bin\node-gyp-bin;C:\Users\sumee\Desktop\my apps\allclone\new app\URL-Shortner-microservice\node_modules\.staging\node-31ddf6d0\node_modules\.bin;C:\Users\sumee\Desktop\my apps\allclone\new app\URL-Shortner-microservice\node_modules\.bin;C:\Program Files (x86)\Intel\Intel(R) Management Engine Components\iCLS\;C:\Program Files\Intel\Intel(R) Management Engine Components\iCLS\;C:\ProgramData\Oracle\Java\javapath;C:\Windows\system32;C:\Windows;C:\Windows\System32\Wbem;C:\Windows\System32\WindowsPowerShell\v1.0\;C:\Program Files (x86)\NVIDIA Corporation\PhysX\Common;C:\Program Files\Java\jdk1.7.0_07\bin;C:\Program Files\nodejs\;C:\Program Files\Java\jdk1.8.0_141;C:\WINDOWS\system32;C:\WINDOWS;C:\WINDOWS\System32\Wbem;C:\WINDOWS\System32\WindowsPowerShell\v1.0\;C:\Program Files (x86)\Intel\Intel(R) Management Engine Components\DAL;C:\Program Files\Intel\Intel(R) Management Engine Components\DAL;C:\Program Files (x86)\Intel\Intel(R) Management Engine Components\IPT;C:\Program Files\Intel\Intel(R) Management Engine Components\IPT;C:\Users\sumee\AppData\Local\Microsoft\WindowsApps;C:\Users\sumee\AppData\Roaming\npm;C:\Users\sumee\AppData\Local\atom\bin;C:\Users\sumee\AppData\Local\GitHubDesktop\bin
218 verbose lifecycle node@9.10.1~preinstall: CWD: C:\Users\sumee\Desktop\my apps\allclone\new app\URL-Shortner-microservice\node_modules\.staging\node-31ddf6d0
219 silly lifecycle node@9.10.1~preinstall: Args: [ '/d /s /c', 'node installArchSpecificPackage' ]
220 silly lifecycle node@9.10.1~preinstall: Returned: code: 1  signal: null
221 info lifecycle node@9.10.1~preinstall: Failed to exec preinstall script
222 verbose unlock done using C:\Users\sumee\AppData\Roaming\npm-cache\_locks\staging-f19b3c008cf26872.lock for C:\Users\sumee\Desktop\my apps\allclone\new app\URL-Shortner-microservice\node_modules\.staging
223 silly rollbackFailedOptional Starting
224 silly rollbackFailedOptional Finishing
225 silly runTopLevelLifecycles Finishing
226 silly install printInstalled
227 warn optional SKIPPING OPTIONAL DEPENDENCY: fsevents@^1.1.2 (node_modules\chokidar\node_modules\fsevents):
228 warn notsup SKIPPING OPTIONAL DEPENDENCY: Unsupported platform for fsevents@1.1.3: wanted {"os":"darwin","arch":"any"} (current: {"os":"win32","arch":"x64"})
229 verbose notsup SKIPPING OPTIONAL DEPENDENCY: Valid OS:    darwin
229 verbose notsup SKIPPING OPTIONAL DEPENDENCY: Valid Arch:  any
229 verbose notsup SKIPPING OPTIONAL DEPENDENCY: Actual OS:   win32
229 verbose notsup SKIPPING OPTIONAL DEPENDENCY: Actual Arch: x64
230 warn Invalid name: "url shortner service"
231 verbose If you need help, you may report this error at:
231 verbose     <https://github.com/npm/npm/issues>
232 warn URL-Shortner-microservice No description
233 verbose If you need help, you may report this error at:
233 verbose     <https://github.com/npm/npm/issues>
234 warn URL-Shortner-microservice No repository field.
235 verbose If you need help, you may report this error at:
235 verbose     <https://github.com/npm/npm/issues>
236 warn URL-Shortner-microservice No README data
237 verbose If you need help, you may report this error at:
237 verbose     <https://github.com/npm/npm/issues>
238 warn URL-Shortner-microservice No license field.
239 verbose If you need help, you may report this error at:
239 verbose     <https://github.com/npm/npm/issues>
240 verbose stack Error: node@9.10.1 preinstall: `node installArchSpecificPackage`
240 verbose stack Exit status 1
240 verbose stack     at EventEmitter.<anonymous> (C:\Program Files\nodejs\node_modules\npm\lib\utils\lifecycle.js:255:16)
240 verbose stack     at emitTwo (events.js:106:13)
240 verbose stack     at EventEmitter.emit (events.js:191:7)
240 verbose stack     at ChildProcess.<anonymous> (C:\Program Files\nodejs\node_modules\npm\lib\utils\spawn.js:40:14)
240 verbose stack     at emitTwo (events.js:106:13)
240 verbose stack     at ChildProcess.emit (events.js:191:7)
240 verbose stack     at maybeClose (internal/child_process.js:920:16)
240 verbose stack     at Process.ChildProcess._handle.onexit (internal/child_process.js:230:5)
241 verbose pkgid node@9.10.1
242 verbose cwd C:\Users\sumee\Desktop\my apps\allclone\new app\URL-Shortner-microservice
243 error Windows_NT 10.0.16299
244 error argv "C:\\Program Files\\nodejs\\node.exe" "C:\\Program Files\\nodejs\\node_modules\\npm\\bin\\npm-cli.js" "install" "--save" "node"
245 error node v6.11.4
246 error npm  v3.10.10
247 error code ELIFECYCLE
248 error node@9.10.1 preinstall: `node installArchSpecificPackage`
248 error Exit status 1
249 error Failed at the node@9.10.1 preinstall script 'node installArchSpecificPackage'.
249 error Make sure you have the latest version of node.js and npm installed.
249 error If you do, this is most likely a problem with the node package,
249 error not with npm itself.
249 error Tell the author that this fails on your system:
249 error     node installArchSpecificPackage
249 error You can get information on how to open an issue for this project with:
249 error     npm bugs node
249 error Or if that isn't available, you can get their info via:
249 error     npm owner ls node
249 error There is likely additional logging output above.
250 verbose exit [ 1, true ]
